<?xml version="1.0" encoding="UTF-8"?>
<testng-results ignored="0" total="1" passed="1" failed="0" skipped="0">
  <reporter-output>
  </reporter-output>
  <suite started-at="2022-06-05T20:07:04 IST" name="Default suite" finished-at="2022-06-05T20:08:21 IST" duration-ms="77051">
    <groups>
    </groups>
    <test started-at="2022-06-05T20:07:04 IST" name="Default test" finished-at="2022-06-05T20:08:21 IST" duration-ms="77051">
      <class name="test.Test01">
        <test-method is-config="true" signature="setup()[pri:0, instance:test.Test01@188715b5]" started-at="2022-06-05T20:07:04 IST" name="setup" finished-at="2022-06-05T20:08:06 IST" duration-ms="62678" status="PASS">
          <reporter-output>
          </reporter-output>
        </test-method> <!-- setup -->
        <test-method signature="search()[pri:0, instance:test.Test01@188715b5]" started-at="2022-06-05T20:08:06 IST" name="search" finished-at="2022-06-05T20:08:20 IST" duration-ms="14079" status="PASS">
          <reporter-output>
          </reporter-output>
        </test-method> <!-- search -->
      </class> <!-- test.Test01 -->
    </test> <!-- Default test -->
  </suite> <!-- Default suite -->
</testng-results>
